<?xml version="1.0" encoding="UTF-8"?>
<testng-results ignored="0" total="1" passed="1" failed="0" skipped="0">
  <reporter-output>
  </reporter-output>
  <suite started-at="2022-08-12T03:06:26 IST" name="Default suite" finished-at="2022-08-12T03:06:42 IST" duration-ms="16014">
    <groups>
    </groups>
    <test started-at="2022-08-12T03:06:26 IST" name="Default test" finished-at="2022-08-12T03:06:42 IST" duration-ms="16014">
      <class name="pageFactoryWithoutAnnotations.LoginWithoutFindBy">
        <test-method signature="Login()[pri:0, instance:pageFactoryWithoutAnnotations.LoginWithoutFindBy@41e36e46]" started-at="2022-08-12T03:06:26 IST" name="Login" finished-at="2022-08-12T03:06:42 IST" duration-ms="15942" status="PASS">
          <reporter-output>
          </reporter-output>
        </test-method> <!-- Login -->
      </class> <!-- pageFactoryWithoutAnnotations.LoginWithoutFindBy -->
    </test> <!-- Default test -->
  </suite> <!-- Default suite -->
</testng-results>
